<?xml version="1.0" encoding="UTF-8"?>
<testsuite name="com.bridgelabz.StateCensusAnalyserTest" tests="4" skipped="0" failures="0" errors="0" timestamp="2021-08-08T19:31:15" hostname="DESKTOP-M71IR21" time="0.048">
  <properties/>
  <testcase name="given_IndiaCensusData_CsvFile_ShouldThrowException" classname="com.bridgelabz.StateCensusAnalyserTest" time="0.009"/>
  <testcase name="given_IndiaCensusData_WithWrongFile_ShoulThrewException" classname="com.bridgelabz.StateCensusAnalyserTest" time="0.033"/>
  <testcase name="given_IndiaCensusData_WithWrongDelimeter_ShoulThrowException" classname="com.bridgelabz.StateCensusAnalyserTest" time="0.001"/>
  <testcase name="givenCensusCsvFile_returnCorrectRecords" classname="com.bridgelabz.StateCensusAnalyserTest" time="0.005"/>
  <system-out><![CDATA[]]></system-out>
  <system-err><![CDATA[]]></system-err>
</testsuite>
