<?xml version="1.0" encoding="UTF-8"?>
<testsuite name="com.bridgelabz.StateCensusAnalyserTest" tests="4" skipped="0" failures="0" errors="0" timestamp="2021-08-08T18:29:06" hostname="DESKTOP-M71IR21" time="0.356">
  <properties/>
  <testcase name="given_IndiaCensusData_CsvFile_ShouldThrowException" classname="com.bridgelabz.StateCensusAnalyserTest" time="0.008"/>
  <testcase name="given_IndiaCensusData_WithWrongFile_ShoulThrewException" classname="com.bridgelabz.StateCensusAnalyserTest" time="0.256"/>
  <testcase name="given_IndiaCensusData_WithWrongDelimeter_ShoulThrowException" classname="com.bridgelabz.StateCensusAnalyserTest" time="0.066"/>
  <testcase name="givenCensusCsvFile_returnCorrectRecords" classname="com.bridgelabz.StateCensusAnalyserTest" time="0.023"/>
  <system-out><![CDATA[]]></system-out>
  <system-err><![CDATA[]]></system-err>
</testsuite>
