<?xml version="1.0" encoding="UTF-8"?>
<testsuite name="com.bridgelabz.StateCensusAnalyserTest" tests="2" skipped="0" failures="0" errors="0" timestamp="2021-08-08T18:58:01" hostname="DESKTOP-M71IR21" time="0.044">
  <properties/>
  <testcase name="given_IndiaCensusData_CsvFile_ShouldThrowException" classname="com.bridgelabz.StateCensusAnalyserTest" time="0.009"/>
  <testcase name="givenCensusCsvFile_returnCorrectRecords" classname="com.bridgelabz.StateCensusAnalyserTest" time="0.035"/>
  <system-out><![CDATA[]]></system-out>
  <system-err><![CDATA[]]></system-err>
</testsuite>
